<?xml version="1.0" encoding="UTF-8"?>
<testsuite name="codecoverage.MoimTest" tests="1" skipped="0" failures="0" errors="0" timestamp="2022-10-20T08:39:14" hostname="gimseol-yeong-ui-MacBookPro.local" time="0.167">
  <properties/>
  <testcase name="isFull()" classname="codecoverage.MoimTest" time="0.167"/>
  <system-out><![CDATA[]]></system-out>
  <system-err><![CDATA[]]></system-err>
</testsuite>
